<?xml version="1.0" encoding="UTF-8"?>
<!-- Generated by org.testng.reporters.JUnitXMLReporter -->
<testsuite ignored="4" hostname="DESKTOP-HQBURN8" failures="0" tests="2" name="Test2" time="141.306" errors="0" timestamp="2022-06-09T17:45:59 IST">
  <testcase classname="com.crm.comcast.contactTest.DeletContactTest" name="deletcontact1Test" time="39.018"/>
  <testcase classname="com.crm.comcast.contactTest.CreateContactTest" name="createContact1" time="34.219"/>
  <testcase classname="genericUtility.Baseclass1" name="@AfterTest at" time="0.0">
    <ignored/>
  </testcase> <!-- @AfterTest at -->
  <testcase classname="genericUtility.Baseclass1" name="@BeforeSuite bs" time="0.0">
    <ignored/>
  </testcase> <!-- @BeforeSuite bs -->
  <testcase classname="genericUtility.Baseclass1" name="@BeforeTest bt" time="0.0">
    <ignored/>
  </testcase> <!-- @BeforeTest bt -->
  <testcase classname="genericUtility.Baseclass1" name="@AfterSuite as" time="0.0">
    <ignored/>
  </testcase> <!-- @AfterSuite as -->
</testsuite> <!-- Test2 -->
