<?xml version="1.0" encoding="UTF-8"?>
<!-- Generated by org.testng.reporters.JUnitXMLReporter -->
<testsuite ignored="4" hostname="DESKTOP-HQBURN8" failures="0" tests="2" name="Test1" time="159.387" errors="0" timestamp="2022-06-09T17:46:17 IST">
  <testcase classname="com.crm.comcast.campaignTest.CreatCampaignWithProductTest" name="createcampaign" time="73.629"/>
  <testcase classname="com.crm.comcast.campaignTest.CreatCampaignTest" name="createcampTest" time="32.155"/>
  <testcase classname="genericUtility.Baseclass1" name="@AfterTest at" time="0.0">
    <ignored/>
  </testcase> <!-- @AfterTest at -->
  <testcase classname="genericUtility.Baseclass1" name="@BeforeSuite bs" time="0.0">
    <ignored/>
  </testcase> <!-- @BeforeSuite bs -->
  <testcase classname="genericUtility.Baseclass1" name="@BeforeTest bt" time="0.0">
    <ignored/>
  </testcase> <!-- @BeforeTest bt -->
  <testcase classname="genericUtility.Baseclass1" name="@AfterSuite as" time="0.0">
    <ignored/>
  </testcase> <!-- @AfterSuite as -->
</testsuite> <!-- Test1 -->
