<?xml version="1.0" encoding="UTF-8"?>
<!-- Generated by org.testng.reporters.JUnitXMLReporter -->
<testsuite ignored="18" hostname="DESKTOP-HQBURN8" failures="0" tests="3" name="Test" time="213.95" errors="0" timestamp="2022-06-09T16:16:44 IST">
  <testcase classname="com.crm.comcast.contactTest.DeletContactTest" name="deletcontact1Test" time="41.965"/>
  <testcase classname="com.crm.comcast.campaignTest.CreatCampaignTest" name="createcampTest" time="34.016"/>
  <testcase classname="com.crm.comcast.contactTest.CreateContactTest" name="createContact1" time="42.16"/>
  <testcase classname="genericUtility.Baseclass1" name="@BeforeSuite bs" time="0.0">
    <ignored/>
  </testcase> <!-- @BeforeSuite bs -->
  <testcase classname="genericUtility.Baseclass1" name="@BeforeSuite bs" time="0.0">
    <ignored/>
  </testcase> <!-- @BeforeSuite bs -->
  <testcase classname="genericUtility.Baseclass1" name="@BeforeSuite bs" time="0.0">
    <ignored/>
  </testcase> <!-- @BeforeSuite bs -->
  <testcase classname="genericUtility.Baseclass1" name="@BeforeSuite bs" time="0.0">
    <ignored/>
  </testcase> <!-- @BeforeSuite bs -->
  <testcase classname="genericUtility.Baseclass1" name="@BeforeTest bt" time="0.0">
    <ignored/>
  </testcase> <!-- @BeforeTest bt -->
  <testcase classname="genericUtility.Baseclass1" name="@BeforeTest bt" time="0.0">
    <ignored/>
  </testcase> <!-- @BeforeTest bt -->
  <testcase classname="genericUtility.Baseclass1" name="@BeforeTest bt" time="0.0">
    <ignored/>
  </testcase> <!-- @BeforeTest bt -->
  <testcase classname="genericUtility.Baseclass1" name="@BeforeTest bt" time="0.0">
    <ignored/>
  </testcase> <!-- @BeforeTest bt -->
  <testcase classname="genericUtility.Baseclass1" name="@AfterSuite as" time="0.0">
    <ignored/>
  </testcase> <!-- @AfterSuite as -->
  <testcase classname="genericUtility.Baseclass1" name="@AfterSuite as" time="0.0">
    <ignored/>
  </testcase> <!-- @AfterSuite as -->
  <testcase classname="genericUtility.Baseclass1" name="@AfterSuite as" time="0.0">
    <ignored/>
  </testcase> <!-- @AfterSuite as -->
  <testcase classname="genericUtility.Baseclass1" name="@AfterSuite as" time="0.0">
    <ignored/>
  </testcase> <!-- @AfterSuite as -->
  <testcase classname="genericUtility.Baseclass1" name="@AfterTest at" time="0.0">
    <ignored/>
  </testcase> <!-- @AfterTest at -->
  <testcase classname="genericUtility.Baseclass1" name="@AfterTest at" time="0.0">
    <ignored/>
  </testcase> <!-- @AfterTest at -->
  <testcase classname="genericUtility.Baseclass1" name="@AfterTest at" time="0.0">
    <ignored/>
  </testcase> <!-- @AfterTest at -->
  <testcase classname="genericUtility.Baseclass1" name="@AfterTest at" time="0.0">
    <ignored/>
  </testcase> <!-- @AfterTest at -->
  <testcase classname="com.crm.comcast.organisationTest.CreateOganisationTest" name="CreateOrganisattion" time="0.0">
    <ignored/>
  </testcase> <!-- CreateOrganisattion -->
  <testcase classname="com.crm.comcast.campaignTest.CreatCampaignWithProductTest" name="createcampaign" time="0.0">
    <ignored/>
  </testcase> <!-- createcampaign -->
</testsuite> <!-- Test -->
